<?xml version="1.0" encoding="UTF-8"?>
<testsuite xmlns:xsi="http://www.w3.org/2001/XMLSchema-instance" xsi:noNamespaceSchemaLocation="https://maven.apache.org/surefire/maven-surefire-plugin/xsd/surefire-test-report.xsd" version="3.0.2" name="com.spring.json_date_converter.JsonDateConverterApplicationTests" time="2.19" tests="1" errors="0" skipped="0" failures="0">
  <properties>
[...]
</properties>
  <testcase name="contextLoads" classname="com.spring.json_date_converter.JsonDateConverterApplicationTests" time="0.648">
    <system-out><![CDATA[16:35:19.227 [main] INFO org.springframework.test.context.support.AnnotationConfigContextLoaderUtils -- Could not detect default configuration classes for test class [com.spring.json_date_converter.JsonDateConverterApplicationTests]: JsonDateConverterApplicationTests does not declare any static, non-private, non-final, nested classes annotated with @Configuration.
16:35:19.319 [main] INFO org.springframework.boot.test.context.SpringBootTestContextBootstrapper -- Found @SpringBootConfiguration com.spring.json_date_converter.JsonDateConverterApplication for test class com.spring.json_date_converter.JsonDateConverterApplicationTests

  .   ____          _            __ _ _
 /\\ / ___'_ __ _ _(_)_ __  __ _ \ \ \ \
( ( )\___ | '_ | '_| | '_ \/ _` | \ \ \ \
 \\/  ___)| |_)| | | | | || (_| |  ) ) ) )
  '  |____| .__|_| |_|_| |_\__, | / / / /
 =========|_|==============|___/=/_/_/_/

 :: Spring Boot ::                (v3.4.3)

2025-03-19T16:35:19.654+05:30  WARN 26087 --- [json-date-converter] [           main] ory$DuplicateJsonObjectContextCustomizer : 

Found multiple occurrences of org.json.JSONObject on the class path:

	jar:file:/home/vetri/.m2/repository/org/json/json/20210307/json-20210307.jar!/org/json/JSONObject.class
	jar:file:/home/vetri/.m2/repository/com/vaadin/external/google/android-json/0.0.20131108.vaadin1/android-json-0.0.20131108.vaadin1.jar!/org/json/JSONObject.class

You may wish to exclude one of them to ensure predictable runtime behavior

2025-03-19T16:35:19.672+05:30  INFO 26087 --- [json-date-converter] [           main] c.s.j.JsonDateConverterApplicationTests  : Starting JsonDateConverterApplicationTests using Java 21.0.6 with PID 26087 (started by vetri in /home/vetri/Documents/maven-dependecy/Json-Date-Converter)
2025-03-19T16:35:19.672+05:30  INFO 26087 --- [json-date-converter] [           main] c.s.j.JsonDateConverterApplicationTests  : No active profile set, falling back to 1 default profile: "default"
2025-03-19T16:35:20.597+05:30  INFO 26087 --- [json-date-converter] [           main] c.s.j.JsonDateConverterApplicationTests  : Started JsonDateConverterApplicationTests in 1.166 seconds (process running for 1.956)
]]></system-out>
    <system-err><![CDATA[Mockito is currently self-attaching to enable the inline-mock-maker. This will no longer work in future releases of the JDK. Please add Mockito as an agent to your build what is described in Mockito's documentation: https://javadoc.io/doc/org.mockito/mockito-core/latest/org/mockito/Mockito.html#0.3
WARNING: A Java agent has been loaded dynamically (/home/vetri/.m2/repository/net/bytebuddy/byte-buddy-agent/1.15.11/byte-buddy-agent-1.15.11.jar)
WARNING: If a serviceability tool is in use, please run with -XX:+EnableDynamicAgentLoading to hide this warning
WARNING: If a serviceability tool is not in use, please run with -Djdk.instrument.traceUsage for more information
WARNING: Dynamic loading of agents will be disallowed by default in a future release
]]></system-err>
  </testcase>
</testsuite>